nohup: ignoring input
[2026-01-23 20:10:04] test_tsp_ml4co.py(187) : DEBUG_MODE: False
[2026-01-23 20:10:04] test_tsp_ml4co.py(188) : USE_CUDA: True, CUDA_DEVICE_NUM: 0
[2026-01-23 20:10:04] test_tsp_ml4co.py(189) : USE_ML4CO: True
[2026-01-23 20:10:04] test_tsp_ml4co.py(191) : ML4CO_TEST_DATASET: ../../ML4CO-Bench-101/test_dataset/tsp/tsp100_concorde_7.756.txt
[2026-01-23 20:10:04] test_tsp_ml4co.py(192) : MODEL_PATH: ./train_models/tsp100
[2026-01-23 20:10:04] test_tsp_ml4co.py(193) : env_params{'mode': 'test', 'problem_size': 100, 'pomo_size': 100, 'num_neighbors': -1, 'data_path': '../../ML4CO-Bench-101/test_dataset/tsp/tsp100_concorde_7.756.txt', 'use_ml4co': True, 'ml4co_data_format': 'wrapper'}
[2026-01-23 20:10:04] test_tsp_ml4co.py(193) : model_params{'encoder_layer_num': 3, 'embedding_dim': 256, 'sqrt_embedding_dim': 16.0, 'head_num': 16, 'qkv_dim': 16, 'sqrt_qkv_dim': 4.0, 'logit_clipping': 10, 'ff_hidden_dim': 512, 'eval_type': 'argmax', 'GCN_dim': 3, 'mlp_layers': 3, 'aggregation': 'mean', 'ms_hidden_dim': 16, 'ms_layer1_init': 0.7071067811865476, 'ms_layer2_init': 0.25}
[2026-01-23 20:10:04] test_tsp_ml4co.py(193) : tester_params{'xe_choice': 0, 'aug_factor': 8, 'use_cuda': True, 'cuda_device_num': 0, 'test_episodes': 1028, 'test_batch_size': 1, 'augmentation_enable': True, 'model_load': {'path': './train_models/tsp100', 'epoch': 1010}}
[2026-01-23 20:10:04] test_tsp_ml4co.py(193) : logger_params{'log_file': {'desc': 'tsp100_ml4co_test', 'filename': 'run_log', 'filepath': './result/20260123_211001_tsp100_ml4co_test'}}

================================================================================
Testing UniteFormer on ML4CO TSP100 Dataset
================================================================================
Problem Size: 100
Dataset Path: ../../ML4CO-Bench-101/test_dataset/tsp/tsp100_concorde_7.756.txt
Model Path: ./train_models/tsp100
Test Episodes: 1028
Data Augmentation: True
================================================================================

load raw dataset begin!
  0%|          | 0/1028 [00:00<?, ?it/s] 16%|#6        | 169/1028 [00:00<00:00, 1537.45it/s] 33%|###2      | 337/1028 [00:00<00:01, 616.59it/s]  74%|#######4  | 765/1028 [00:00<00:00, 1478.38it/s]100%|##########| 1028/1028 [00:00<00:00, 1577.11it/s]load raw dataset done!
[2026-01-23 20:10:11] TSPTester.py(88) : episode   1/1028, Elapsed[0.03m], Remain[28.04m], opt_l:7.797, score:7.939, aug_score:7.832, gap:0.018201%, aug_gap:0.004488%, XE_choice:0
[2026-01-23 20:10:12] TSPTester.py(88) : episode   2/1028, Elapsed[0.03m], Remain[17.21m], opt_l:7.837, score:8.199, aug_score:7.981, gap:0.046227%, aug_gap:0.018373%, XE_choice:0
[2026-01-23 20:10:12] TSPTester.py(88) : episode   3/1028, Elapsed[0.04m], Remain[12.87m], opt_l:7.846, score:7.955, aug_score:7.955, gap:0.013890%, aug_gap:0.013890%, XE_choice:0
[2026-01-23 20:10:12] TSPTester.py(88) : episode   4/1028, Elapsed[0.04m], Remain[10.60m], opt_l:8.107, score:8.234, aug_score:8.234, gap:0.015661%, aug_gap:0.015661%, XE_choice:0
[2026-01-23 20:10:12] TSPTester.py(88) : episode   5/1028, Elapsed[0.05m], Remain[9.22m], opt_l:8.046, score:8.431, aug_score:8.323, gap:0.047895%, aug_gap:0.034421%, XE_choice:0
[2026-01-23 20:10:13] TSPTester.py(88) : episode   6/1028, Elapsed[0.05m], Remain[8.61m], opt_l:7.239, score:7.441, aug_score:7.421, gap:0.028014%, aug_gap:0.025230%, XE_choice:0
[2026-01-23 20:14:22] TSPTester.py(96) : episode 1028/1028, Elapsed[4.20m], Remain[0.00m], opt_l:8.137, score:8.666, aug_score:8.297, gap:0.065042%, aug_gap:0.019726%, XE_choice:0
[2026-01-23 20:14:22] TSPTester.py(101) :  *** Test Done *** 
[2026-01-23 20:14:22] TSPTester.py(102) :  XE_choice: 0 
[2026-01-23 20:14:22] TSPTester.py(103) :  BEST SCORE: 7.7568 
[2026-01-23 20:14:22] TSPTester.py(104) :  NO-AUG SCORE: 8.0842 
[2026-01-23 20:14:22] TSPTester.py(105) :  AUGMENTATION SCORE: 7.9347 
[2026-01-23 20:14:22] TSPTester.py(108) :  noAUG-Gap: 4.2204%
[2026-01-23 20:14:22] TSPTester.py(110) :  AUG-Gap: 2.2901%


================================================================================
Testing Results Summary
================================================================================
Optimal (Best) tour length: 7.7568
Average tour length (No Aug): 8.0842
Average tour length (With Aug): 7.9347
Gap (No Aug): 4.2204%
Gap (With Aug): 2.2901%
--------------------------------------------------------------------------------
Average inference time per batch: 0.2422 seconds
Total inference time: 249.00 seconds (4.15 minutes)
Total testing time (including data loading): 1028 episodes
================================================================================

